{"/Users/saikathalder/Documents/personal/plan-it-pocker-lb/src/App.tsx": {"path":"/Users/saikathalder/Documents/personal/plan-it-pocker-lb/src/App.tsx","statementMap":{"0":{"start":{"line":12,"column":2},"end":{"line":100,"column":null}}},"fnMap":{"0":{"name":"App","decl":{"start":{"line":11,"column":9},"end":{"line":11,"column":15}},"loc":{"start":{"line":11,"column":15},"end":{"line":102,"column":null}}}},"branchMap":{},"s":{"0":0},"f":{"0":0},"b":{}}
,"/Users/saikathalder/Documents/personal/plan-it-pocker-lb/src/main.tsx": {"path":"/Users/saikathalder/Documents/personal/plan-it-pocker-lb/src/main.tsx","statementMap":{"0":{"start":{"line":16,"column":15},"end":{"line":33,"column":null}},"1":{"start":{"line":35,"column":0},"end":{"line":44,"column":null}}},"fnMap":{},"branchMap":{},"s":{"0":0,"1":0},"f":{},"b":{}}
,"/Users/saikathalder/Documents/personal/plan-it-pocker-lb/src/components/backButton.tsx": {"path":"/Users/saikathalder/Documents/personal/plan-it-pocker-lb/src/components/backButton.tsx","statementMap":{"0":{"start":{"line":6,"column":19},"end":{"line":6,"column":null}},"1":{"start":{"line":8,"column":2},"end":{"line":19,"column":null}},"2":{"start":{"line":14,"column":23},"end":{"line":14,"column":null}}},"fnMap":{"0":{"name":"BackButton","decl":{"start":{"line":5,"column":9},"end":{"line":5,"column":22}},"loc":{"start":{"line":5,"column":22},"end":{"line":21,"column":null}}},"1":{"name":"(anonymous_1)","decl":{"start":{"line":14,"column":17},"end":{"line":14,"column":23}},"loc":{"start":{"line":14,"column":23},"end":{"line":14,"column":null}}}},"branchMap":{},"s":{"0":1,"1":1,"2":0},"f":{"0":1,"1":0},"b":{}}
,"/Users/saikathalder/Documents/personal/plan-it-pocker-lb/src/components/cardItem.tsx": {"path":"/Users/saikathalder/Documents/personal/plan-it-pocker-lb/src/components/cardItem.tsx","statementMap":{"0":{"start":{"line":17,"column":21},"end":{"line":17,"column":null}},"1":{"start":{"line":18,"column":21},"end":{"line":18,"column":null}},"2":{"start":{"line":19,"column":36},"end":{"line":21,"column":null}},"3":{"start":{"line":23,"column":23},"end":{"line":30,"column":null}},"4":{"start":{"line":24,"column":31},"end":{"line":28,"column":null}},"5":{"start":{"line":29,"column":4},"end":{"line":29,"column":null}},"6":{"start":{"line":32,"column":2},"end":{"line":40,"column":null}},"7":{"start":{"line":37,"column":21},"end":{"line":37,"column":null}}},"fnMap":{"0":{"name":"CardItem","decl":{"start":{"line":10,"column":24},"end":{"line":10,"column":33}},"loc":{"start":{"line":16,"column":3},"end":{"line":42,"column":null}}},"1":{"name":"(anonymous_1)","decl":{"start":{"line":23,"column":23},"end":{"line":23,"column":24}},"loc":{"start":{"line":23,"column":45},"end":{"line":30,"column":null}}},"2":{"name":"(anonymous_2)","decl":{"start":{"line":37,"column":15},"end":{"line":37,"column":21}},"loc":{"start":{"line":37,"column":21},"end":{"line":37,"column":null}}}},"branchMap":{"0":{"loc":{"start":{"line":25,"column":14},"end":{"line":25,"column":null}},"type":"binary-expr","locations":[{"start":{"line":25,"column":14},"end":{"line":25,"column":24}},{"start":{"line":25,"column":24},"end":{"line":25,"column":null}}]},"1":{"loc":{"start":{"line":26,"column":14},"end":{"line":26,"column":null}},"type":"binary-expr","locations":[{"start":{"line":26,"column":14},"end":{"line":26,"column":35}},{"start":{"line":26,"column":35},"end":{"line":26,"column":null}}]},"2":{"loc":{"start":{"line":36,"column":17},"end":{"line":36,"column":null}},"type":"cond-expr","locations":[{"start":{"line":36,"column":26},"end":{"line":36,"column":42}},{"start":{"line":36,"column":42},"end":{"line":36,"column":null}}]}},"s":{"0":0,"1":0,"2":0,"3":0,"4":0,"5":0,"6":0,"7":0},"f":{"0":0,"1":0,"2":0},"b":{"0":[0,0],"1":[0,0],"2":[0,0]}}
,"/Users/saikathalder/Documents/personal/plan-it-pocker-lb/src/components/cardList.tsx": {"path":"/Users/saikathalder/Documents/personal/plan-it-pocker-lb/src/components/cardList.tsx","statementMap":{"0":{"start":{"line":22,"column":21},"end":{"line":22,"column":null}},"1":{"start":{"line":24,"column":21},"end":{"line":37,"column":null}},"2":{"start":{"line":38,"column":23},"end":{"line":42,"column":null}},"3":{"start":{"line":39,"column":4},"end":{"line":41,"column":null}},"4":{"start":{"line":40,"column":24},"end":{"line":40,"column":null}},"5":{"start":{"line":44,"column":17},"end":{"line":46,"column":null}},"6":{"start":{"line":45,"column":4},"end":{"line":45,"column":null}},"7":{"start":{"line":48,"column":18},"end":{"line":50,"column":null}},"8":{"start":{"line":49,"column":4},"end":{"line":49,"column":null}},"9":{"start":{"line":51,"column":2},"end":{"line":84,"column":null}},"10":{"start":{"line":55,"column":10},"end":{"line":59,"column":null}}},"fnMap":{"0":{"name":"CardList","decl":{"start":{"line":13,"column":9},"end":{"line":13,"column":18}},"loc":{"start":{"line":21,"column":3},"end":{"line":86,"column":null}}},"1":{"name":"(anonymous_1)","decl":{"start":{"line":38,"column":23},"end":{"line":38,"column":24}},"loc":{"start":{"line":38,"column":54},"end":{"line":42,"column":null}}},"2":{"name":"(anonymous_2)","decl":{"start":{"line":40,"column":6},"end":{"line":40,"column":7}},"loc":{"start":{"line":40,"column":24},"end":{"line":40,"column":null}}},"3":{"name":"(anonymous_3)","decl":{"start":{"line":44,"column":17},"end":{"line":44,"column":23}},"loc":{"start":{"line":44,"column":23},"end":{"line":46,"column":null}}},"4":{"name":"(anonymous_4)","decl":{"start":{"line":48,"column":18},"end":{"line":48,"column":24}},"loc":{"start":{"line":48,"column":24},"end":{"line":50,"column":null}}},"5":{"name":"(anonymous_5)","decl":{"start":{"line":54,"column":24},"end":{"line":54,"column":25}},"loc":{"start":{"line":55,"column":10},"end":{"line":59,"column":null}}}},"branchMap":{"0":{"loc":{"start":{"line":40,"column":24},"end":{"line":40,"column":null}},"type":"binary-expr","locations":[{"start":{"line":40,"column":24},"end":{"line":40,"column":51}},{"start":{"line":40,"column":51},"end":{"line":40,"column":null}}]}},"s":{"0":0,"1":0,"2":0,"3":0,"4":0,"5":0,"6":0,"7":0,"8":0,"9":0,"10":0},"f":{"0":0,"1":0,"2":0,"3":0,"4":0,"5":0},"b":{"0":[0,0]}}
,"/Users/saikathalder/Documents/personal/plan-it-pocker-lb/src/components/createRoom.tsx": {"path":"/Users/saikathalder/Documents/personal/plan-it-pocker-lb/src/components/createRoom.tsx","statementMap":{"0":{"start":{"line":24,"column":19},"end":{"line":24,"column":null}},"1":{"start":{"line":25,"column":34},"end":{"line":25,"column":null}},"2":{"start":{"line":26,"column":28},"end":{"line":26,"column":null}},"3":{"start":{"line":27,"column":13},"end":{"line":27,"column":null}},"4":{"start":{"line":28,"column":27},"end":{"line":28,"column":null}},"5":{"start":{"line":30,"column":19},"end":{"line":41,"column":null}},"6":{"start":{"line":31,"column":4},"end":{"line":31,"column":null}},"7":{"start":{"line":31,"column":19},"end":{"line":31,"column":null}},"8":{"start":{"line":32,"column":34},"end":{"line":36,"column":null}},"9":{"start":{"line":37,"column":4},"end":{"line":37,"column":null}},"10":{"start":{"line":38,"column":4},"end":{"line":38,"column":null}},"11":{"start":{"line":39,"column":4},"end":{"line":39,"column":null}},"12":{"start":{"line":40,"column":4},"end":{"line":40,"column":null}},"13":{"start":{"line":43,"column":2},"end":{"line":118,"column":null}},"14":{"start":{"line":77,"column":12},"end":{"line":77,"column":null}},"15":{"start":{"line":78,"column":12},"end":{"line":78,"column":null}}},"fnMap":{"0":{"name":"CreateRoom","decl":{"start":{"line":23,"column":9},"end":{"line":23,"column":22}},"loc":{"start":{"line":23,"column":22},"end":{"line":120,"column":null}}},"1":{"name":"(anonymous_1)","decl":{"start":{"line":30,"column":19},"end":{"line":30,"column":25}},"loc":{"start":{"line":30,"column":25},"end":{"line":41,"column":null}}},"2":{"name":"(anonymous_2)","decl":{"start":{"line":76,"column":20},"end":{"line":76,"column":21}},"loc":{"start":{"line":76,"column":31},"end":{"line":79,"column":null}}}},"branchMap":{"0":{"loc":{"start":{"line":31,"column":4},"end":{"line":31,"column":null}},"type":"if","locations":[{"start":{"line":31,"column":4},"end":{"line":31,"column":null}},{"start":{"line":31,"column":4},"end":{"line":31,"column":null}}]},"1":{"loc":{"start":{"line":75,"column":22},"end":{"line":75,"column":null}},"type":"cond-expr","locations":[{"start":{"line":75,"column":39},"end":{"line":75,"column":47}},{"start":{"line":75,"column":47},"end":{"line":75,"column":null}}]},"2":{"loc":{"start":{"line":84,"column":25},"end":{"line":84,"column":null}},"type":"cond-expr","locations":[{"start":{"line":84,"column":42},"end":{"line":84,"column":52}},{"start":{"line":84,"column":52},"end":{"line":84,"column":null}}]}},"s":{"0":0,"1":0,"2":0,"3":0,"4":0,"5":0,"6":0,"7":0,"8":0,"9":0,"10":0,"11":0,"12":0,"13":0,"14":0,"15":0},"f":{"0":0,"1":0,"2":0},"b":{"0":[0,0],"1":[0,0],"2":[0,0]}}
,"/Users/saikathalder/Documents/personal/plan-it-pocker-lb/src/components/footer.tsx": {"path":"/Users/saikathalder/Documents/personal/plan-it-pocker-lb/src/components/footer.tsx","statementMap":{"0":{"start":{"line":5,"column":2},"end":{"line":48,"column":null}}},"fnMap":{"0":{"name":"Footer","decl":{"start":{"line":4,"column":9},"end":{"line":4,"column":18}},"loc":{"start":{"line":4,"column":18},"end":{"line":50,"column":null}}}},"branchMap":{},"s":{"0":1},"f":{"0":1},"b":{}}
,"/Users/saikathalder/Documents/personal/plan-it-pocker-lb/src/components/header.tsx": {"path":"/Users/saikathalder/Documents/personal/plan-it-pocker-lb/src/components/header.tsx","statementMap":{"0":{"start":{"line":22,"column":38},"end":{"line":22,"column":null}},"1":{"start":{"line":24,"column":18},"end":{"line":28,"column":null}},"2":{"start":{"line":25,"column":17},"end":{"line":25,"column":null}},"3":{"start":{"line":26,"column":4},"end":{"line":26,"column":null}},"4":{"start":{"line":27,"column":4},"end":{"line":27,"column":null}},"5":{"start":{"line":30,"column":38},"end":{"line":36,"column":null}},"6":{"start":{"line":34,"column":4},"end":{"line":34,"column":null}},"7":{"start":{"line":34,"column":32},"end":{"line":34,"column":null}},"8":{"start":{"line":35,"column":4},"end":{"line":35,"column":null}},"9":{"start":{"line":39,"column":4},"end":{"line":55,"column":null}},"10":{"start":{"line":58,"column":2},"end":{"line":102,"column":null}}},"fnMap":{"0":{"name":"Header","decl":{"start":{"line":15,"column":9},"end":{"line":15,"column":16}},"loc":{"start":{"line":21,"column":3},"end":{"line":104,"column":null}}},"1":{"name":"(anonymous_1)","decl":{"start":{"line":24,"column":18},"end":{"line":24,"column":24}},"loc":{"start":{"line":24,"column":24},"end":{"line":28,"column":null}}},"2":{"name":"(anonymous_2)","decl":{"start":{"line":30,"column":38},"end":{"line":30,"column":null}},"loc":{"start":{"line":33,"column":7},"end":{"line":36,"column":null}}}},"branchMap":{"0":{"loc":{"start":{"line":34,"column":4},"end":{"line":34,"column":null}},"type":"if","locations":[{"start":{"line":34,"column":4},"end":{"line":34,"column":null}},{"start":{"line":34,"column":4},"end":{"line":34,"column":null}}]}},"s":{"0":0,"1":0,"2":0,"3":0,"4":0,"5":0,"6":0,"7":0,"8":0,"9":0,"10":0},"f":{"0":0,"1":0,"2":0},"b":{"0":[0,0]}}
,"/Users/saikathalder/Documents/personal/plan-it-pocker-lb/src/components/homeButton.tsx": {"path":"/Users/saikathalder/Documents/personal/plan-it-pocker-lb/src/components/homeButton.tsx","statementMap":{"0":{"start":{"line":7,"column":19},"end":{"line":7,"column":null}},"1":{"start":{"line":9,"column":2},"end":{"line":20,"column":null}},"2":{"start":{"line":15,"column":23},"end":{"line":15,"column":null}}},"fnMap":{"0":{"name":"HomeButton","decl":{"start":{"line":6,"column":9},"end":{"line":6,"column":22}},"loc":{"start":{"line":6,"column":22},"end":{"line":22,"column":null}}},"1":{"name":"(anonymous_1)","decl":{"start":{"line":15,"column":17},"end":{"line":15,"column":23}},"loc":{"start":{"line":15,"column":23},"end":{"line":15,"column":null}}}},"branchMap":{},"s":{"0":1,"1":1,"2":0},"f":{"0":1,"1":0},"b":{}}
,"/Users/saikathalder/Documents/personal/plan-it-pocker-lb/src/components/joinRoom.tsx": {"path":"/Users/saikathalder/Documents/personal/plan-it-pocker-lb/src/components/joinRoom.tsx","statementMap":{"0":{"start":{"line":26,"column":25},"end":{"line":26,"column":null}},"1":{"start":{"line":27,"column":23},"end":{"line":27,"column":null}},"2":{"start":{"line":29,"column":34},"end":{"line":29,"column":null}},"3":{"start":{"line":30,"column":30},"end":{"line":30,"column":null}},"4":{"start":{"line":31,"column":52},"end":{"line":33,"column":null}},"5":{"start":{"line":34,"column":36},"end":{"line":34,"column":null}},"6":{"start":{"line":35,"column":40},"end":{"line":35,"column":null}},"7":{"start":{"line":36,"column":21},"end":{"line":36,"column":null}},"8":{"start":{"line":37,"column":19},"end":{"line":37,"column":null}},"9":{"start":{"line":39,"column":17},"end":{"line":58,"column":null}},"10":{"start":{"line":40,"column":4},"end":{"line":40,"column":null}},"11":{"start":{"line":40,"column":19},"end":{"line":40,"column":null}},"12":{"start":{"line":41,"column":4},"end":{"line":41,"column":null}},"13":{"start":{"line":41,"column":17},"end":{"line":41,"column":null}},"14":{"start":{"line":43,"column":32},"end":{"line":47,"column":null}},"15":{"start":{"line":48,"column":20},"end":{"line":48,"column":null}},"16":{"start":{"line":49,"column":4},"end":{"line":52,"column":null}},"17":{"start":{"line":50,"column":6},"end":{"line":50,"column":null}},"18":{"start":{"line":51,"column":6},"end":{"line":51,"column":null}},"19":{"start":{"line":53,"column":4},"end":{"line":53,"column":null}},"20":{"start":{"line":54,"column":4},"end":{"line":54,"column":null}},"21":{"start":{"line":55,"column":4},"end":{"line":55,"column":null}},"22":{"start":{"line":56,"column":4},"end":{"line":56,"column":null}},"23":{"start":{"line":57,"column":4},"end":{"line":57,"column":null}},"24":{"start":{"line":60,"column":2},"end":{"line":164,"column":null}},"25":{"start":{"line":95,"column":12},"end":{"line":95,"column":null}},"26":{"start":{"line":96,"column":12},"end":{"line":96,"column":null}},"27":{"start":{"line":122,"column":12},"end":{"line":122,"column":null}},"28":{"start":{"line":123,"column":12},"end":{"line":123,"column":null}}},"fnMap":{"0":{"name":"JoinRoom","decl":{"start":{"line":25,"column":9},"end":{"line":25,"column":20}},"loc":{"start":{"line":25,"column":20},"end":{"line":166,"column":null}}},"1":{"name":"(anonymous_1)","decl":{"start":{"line":39,"column":17},"end":{"line":39,"column":23}},"loc":{"start":{"line":39,"column":23},"end":{"line":58,"column":null}}},"2":{"name":"(anonymous_2)","decl":{"start":{"line":94,"column":20},"end":{"line":94,"column":21}},"loc":{"start":{"line":94,"column":31},"end":{"line":97,"column":null}}},"3":{"name":"(anonymous_3)","decl":{"start":{"line":121,"column":20},"end":{"line":121,"column":21}},"loc":{"start":{"line":121,"column":31},"end":{"line":124,"column":null}}}},"branchMap":{"0":{"loc":{"start":{"line":30,"column":47},"end":{"line":30,"column":65}},"type":"binary-expr","locations":[{"start":{"line":30,"column":47},"end":{"line":30,"column":63}},{"start":{"line":30,"column":63},"end":{"line":30,"column":65}}]},"1":{"loc":{"start":{"line":32,"column":4},"end":{"line":32,"column":null}},"type":"binary-expr","locations":[{"start":{"line":32,"column":4},"end":{"line":32,"column":22}},{"start":{"line":32,"column":22},"end":{"line":32,"column":null}}]},"2":{"loc":{"start":{"line":40,"column":4},"end":{"line":40,"column":null}},"type":"if","locations":[{"start":{"line":40,"column":4},"end":{"line":40,"column":null}},{"start":{"line":40,"column":4},"end":{"line":40,"column":null}}]},"3":{"loc":{"start":{"line":41,"column":4},"end":{"line":41,"column":null}},"type":"if","locations":[{"start":{"line":41,"column":4},"end":{"line":41,"column":null}},{"start":{"line":41,"column":4},"end":{"line":41,"column":null}}]},"4":{"loc":{"start":{"line":49,"column":4},"end":{"line":52,"column":null}},"type":"if","locations":[{"start":{"line":49,"column":4},"end":{"line":52,"column":null}},{"start":{"line":49,"column":4},"end":{"line":52,"column":null}}]},"5":{"loc":{"start":{"line":93,"column":22},"end":{"line":93,"column":null}},"type":"cond-expr","locations":[{"start":{"line":93,"column":43},"end":{"line":93,"column":55}},{"start":{"line":93,"column":55},"end":{"line":93,"column":null}}]},"6":{"loc":{"start":{"line":102,"column":25},"end":{"line":102,"column":null}},"type":"cond-expr","locations":[{"start":{"line":102,"column":46},"end":{"line":102,"column":56}},{"start":{"line":102,"column":56},"end":{"line":102,"column":null}}]},"7":{"loc":{"start":{"line":120,"column":22},"end":{"line":120,"column":null}},"type":"cond-expr","locations":[{"start":{"line":120,"column":45},"end":{"line":120,"column":59}},{"start":{"line":120,"column":59},"end":{"line":120,"column":null}}]},"8":{"loc":{"start":{"line":129,"column":25},"end":{"line":129,"column":null}},"type":"cond-expr","locations":[{"start":{"line":129,"column":48},"end":{"line":129,"column":58}},{"start":{"line":129,"column":58},"end":{"line":129,"column":null}}]},"9":{"loc":{"start":{"line":140,"column":22},"end":{"line":140,"column":null}},"type":"binary-expr","locations":[{"start":{"line":140,"column":22},"end":{"line":140,"column":46}},{"start":{"line":140,"column":46},"end":{"line":140,"column":null}}]}},"s":{"0":0,"1":0,"2":0,"3":0,"4":0,"5":0,"6":0,"7":0,"8":0,"9":0,"10":0,"11":0,"12":0,"13":0,"14":0,"15":0,"16":0,"17":0,"18":0,"19":0,"20":0,"21":0,"22":0,"23":0,"24":0,"25":0,"26":0,"27":0,"28":0},"f":{"0":0,"1":0,"2":0,"3":0},"b":{"0":[0,0],"1":[0,0],"2":[0,0],"3":[0,0],"4":[0,0],"5":[0,0],"6":[0,0],"7":[0,0],"8":[0,0],"9":[0,0]}}
,"/Users/saikathalder/Documents/personal/plan-it-pocker-lb/src/components/userItem.tsx": {"path":"/Users/saikathalder/Documents/personal/plan-it-pocker-lb/src/components/userItem.tsx","statementMap":{"0":{"start":{"line":14,"column":2},"end":{"line":42,"column":null}}},"fnMap":{"0":{"name":"userItem","decl":{"start":{"line":5,"column":9},"end":{"line":5,"column":18}},"loc":{"start":{"line":13,"column":3},"end":{"line":44,"column":null}}}},"branchMap":{"0":{"loc":{"start":{"line":27,"column":9},"end":{"line":39,"column":null}},"type":"cond-expr","locations":[{"start":{"line":28,"column":10},"end":{"line":30,"column":null}},{"start":{"line":31,"column":12},"end":{"line":39,"column":null}}]},"1":{"loc":{"start":{"line":31,"column":12},"end":{"line":39,"column":null}},"type":"cond-expr","locations":[{"start":{"line":32,"column":10},"end":{"line":35,"column":null}},{"start":{"line":37,"column":10},"end":{"line":39,"column":null}}]}},"s":{"0":3},"f":{"0":3},"b":{"0":[1,2],"1":[1,1]}}
,"/Users/saikathalder/Documents/personal/plan-it-pocker-lb/src/components/userVisibility.tsx": {"path":"/Users/saikathalder/Documents/personal/plan-it-pocker-lb/src/components/userVisibility.tsx","statementMap":{"0":{"start":{"line":6,"column":2},"end":{"line":7,"column":null}}},"fnMap":{"0":{"name":"UserVisibility","decl":{"start":{"line":1,"column":9},"end":{"line":1,"column":24}},"loc":{"start":{"line":5,"column":3},"end":{"line":9,"column":null}}}},"branchMap":{"0":{"loc":{"start":{"line":2,"column":2},"end":{"line":2,"column":null}},"type":"default-arg","locations":[{"start":{"line":2,"column":15},"end":{"line":2,"column":null}}]},"1":{"loc":{"start":{"line":7,"column":12},"end":{"line":7,"column":60}},"type":"cond-expr","locations":[{"start":{"line":7,"column":26},"end":{"line":7,"column":45}},{"start":{"line":7,"column":45},"end":{"line":7,"column":60}}]}},"s":{"0":3},"f":{"0":3},"b":{"0":[0],"1":[3,0]}}
,"/Users/saikathalder/Documents/personal/plan-it-pocker-lb/src/components/usersList.tsx": {"path":"/Users/saikathalder/Documents/personal/plan-it-pocker-lb/src/components/usersList.tsx","statementMap":{"0":{"start":{"line":24,"column":4},"end":{"line":27,"column":null}},"1":{"start":{"line":26,"column":8},"end":{"line":26,"column":null}},"2":{"start":{"line":35,"column":4},"end":{"line":38,"column":null}},"3":{"start":{"line":37,"column":8},"end":{"line":37,"column":null}},"4":{"start":{"line":40,"column":2},"end":{"line":80,"column":null}},"5":{"start":{"line":64,"column":14},"end":{"line":74,"column":null}}},"fnMap":{"0":{"name":"UsersList","decl":{"start":{"line":14,"column":9},"end":{"line":14,"column":19}},"loc":{"start":{"line":22,"column":3},"end":{"line":82,"column":null}}},"1":{"name":"checkEstimationStatus","decl":{"start":{"line":23,"column":11},"end":{"line":23,"column":33}},"loc":{"start":{"line":23,"column":65},"end":{"line":28,"column":null}}},"2":{"name":"(anonymous_2)","decl":{"start":{"line":25,"column":6},"end":{"line":25,"column":7}},"loc":{"start":{"line":26,"column":8},"end":{"line":26,"column":null}}},"3":{"name":"getUserEstimate","decl":{"start":{"line":30,"column":11},"end":{"line":30,"column":27}},"loc":{"start":{"line":34,"column":28},"end":{"line":39,"column":null}}},"4":{"name":"(anonymous_4)","decl":{"start":{"line":36,"column":6},"end":{"line":36,"column":7}},"loc":{"start":{"line":37,"column":8},"end":{"line":37,"column":null}}},"5":{"name":"(anonymous_5)","decl":{"start":{"line":63,"column":23},"end":{"line":63,"column":24}},"loc":{"start":{"line":63,"column":40},"end":{"line":76,"column":13}}}},"branchMap":{"0":{"loc":{"start":{"line":26,"column":8},"end":{"line":26,"column":null}},"type":"binary-expr","locations":[{"start":{"line":26,"column":8},"end":{"line":26,"column":38}},{"start":{"line":26,"column":38},"end":{"line":26,"column":null}}]},"1":{"loc":{"start":{"line":37,"column":8},"end":{"line":37,"column":null}},"type":"binary-expr","locations":[{"start":{"line":37,"column":8},"end":{"line":37,"column":38}},{"start":{"line":37,"column":38},"end":{"line":37,"column":null}}]}},"s":{"0":0,"1":0,"2":0,"3":0,"4":0,"5":0},"f":{"0":0,"1":0,"2":0,"3":0,"4":0,"5":0},"b":{"0":[0,0],"1":[0,0]}}
,"/Users/saikathalder/Documents/personal/plan-it-pocker-lb/src/context/socket.ts": {"path":"/Users/saikathalder/Documents/personal/plan-it-pocker-lb/src/context/socket.ts","statementMap":{"0":{"start":{"line":4,"column":30},"end":{"line":4,"column":null}},"1":{"start":{"line":5,"column":22},"end":{"line":5,"column":null}},"2":{"start":{"line":6,"column":28},"end":{"line":6,"column":null}}},"fnMap":{},"branchMap":{},"s":{"0":0,"1":0,"2":0},"f":{},"b":{}}
,"/Users/saikathalder/Documents/personal/plan-it-pocker-lb/src/events/index.ts": {"path":"/Users/saikathalder/Documents/personal/plan-it-pocker-lb/src/events/index.ts","statementMap":{"0":{"start":{"line":1,"column":29},"end":{"line":1,"column":null}},"1":{"start":{"line":2,"column":31},"end":{"line":2,"column":null}},"2":{"start":{"line":3,"column":34},"end":{"line":3,"column":null}},"3":{"start":{"line":4,"column":32},"end":{"line":4,"column":null}},"4":{"start":{"line":5,"column":30},"end":{"line":5,"column":null}},"5":{"start":{"line":6,"column":29},"end":{"line":6,"column":null}},"6":{"start":{"line":7,"column":41},"end":{"line":7,"column":null}},"7":{"start":{"line":8,"column":33},"end":{"line":8,"column":null}},"8":{"start":{"line":10,"column":2},"end":{"line":10,"column":null}},"9":{"start":{"line":12,"column":35},"end":{"line":12,"column":null}}},"fnMap":{},"branchMap":{},"s":{"0":0,"1":0,"2":0,"3":0,"4":0,"5":0,"6":0,"7":0,"8":0,"9":0},"f":{},"b":{}}
,"/Users/saikathalder/Documents/personal/plan-it-pocker-lb/src/helper/index.ts": {"path":"/Users/saikathalder/Documents/personal/plan-it-pocker-lb/src/helper/index.ts","statementMap":{"0":{"start":{"line":4,"column":21},"end":{"line":4,"column":null}},"1":{"start":{"line":5,"column":2},"end":{"line":5,"column":null}},"2":{"start":{"line":6,"column":2},"end":{"line":6,"column":null}},"3":{"start":{"line":12,"column":20},"end":{"line":12,"column":null}},"4":{"start":{"line":13,"column":2},"end":{"line":13,"column":null}},"5":{"start":{"line":17,"column":2},"end":{"line":17,"column":null}}},"fnMap":{"0":{"name":"storeUserInLocalStorage","decl":{"start":{"line":3,"column":16},"end":{"line":3,"column":40}},"loc":{"start":{"line":3,"column":56},"end":{"line":7,"column":null}}},"1":{"name":"getUserFromLocalStorage","decl":{"start":{"line":9,"column":16},"end":{"line":9,"column":null}},"loc":{"start":{"line":11,"column":21},"end":{"line":14,"column":null}}},"2":{"name":"removeUserFromLocalStorage","decl":{"start":{"line":16,"column":16},"end":{"line":16,"column":43}},"loc":{"start":{"line":16,"column":59},"end":{"line":18,"column":null}}}},"branchMap":{"0":{"loc":{"start":{"line":13,"column":9},"end":{"line":13,"column":null}},"type":"binary-expr","locations":[{"start":{"line":13,"column":9},"end":{"line":13,"column":29}},{"start":{"line":13,"column":29},"end":{"line":13,"column":null}}]}},"s":{"0":0,"1":0,"2":0,"3":0,"4":0,"5":0},"f":{"0":0,"1":0,"2":0},"b":{"0":[0,0]}}
,"/Users/saikathalder/Documents/personal/plan-it-pocker-lb/src/hooks/usePageVisibility.ts": {"path":"/Users/saikathalder/Documents/personal/plan-it-pocker-lb/src/hooks/usePageVisibility.ts","statementMap":{"0":{"start":{"line":7,"column":0},"end":{"line":16,"column":null}},"1":{"start":{"line":8,"column":2},"end":{"line":8,"column":null}},"2":{"start":{"line":9,"column":2},"end":{"line":9,"column":null}},"3":{"start":{"line":10,"column":0},"end":{"line":16,"column":null}},"4":{"start":{"line":11,"column":2},"end":{"line":11,"column":null}},"5":{"start":{"line":12,"column":2},"end":{"line":12,"column":null}},"6":{"start":{"line":13,"column":0},"end":{"line":16,"column":null}},"7":{"start":{"line":14,"column":2},"end":{"line":14,"column":null}},"8":{"start":{"line":15,"column":2},"end":{"line":15,"column":null}},"9":{"start":{"line":19,"column":50},"end":{"line":21,"column":null}},"10":{"start":{"line":23,"column":2},"end":{"line":39,"column":null}},"11":{"start":{"line":25,"column":6},"end":{"line":25,"column":null}},"12":{"start":{"line":28,"column":4},"end":{"line":31,"column":null}},"13":{"start":{"line":33,"column":4},"end":{"line":38,"column":null}},"14":{"start":{"line":34,"column":6},"end":{"line":37,"column":null}},"15":{"start":{"line":41,"column":2},"end":{"line":41,"column":null}}},"fnMap":{"0":{"name":"usePageVisibility","decl":{"start":{"line":18,"column":24},"end":{"line":18,"column":44}},"loc":{"start":{"line":18,"column":44},"end":{"line":42,"column":null}}},"1":{"name":"(anonymous_1)","decl":{"start":{"line":23,"column":12},"end":{"line":23,"column":18}},"loc":{"start":{"line":23,"column":18},"end":{"line":39,"column":5}}},"2":{"name":"handleVisibilityChange","decl":{"start":{"line":24,"column":13},"end":{"line":24,"column":38}},"loc":{"start":{"line":24,"column":38},"end":{"line":26,"column":null}}},"3":{"name":"(anonymous_3)","decl":{"start":{"line":33,"column":11},"end":{"line":33,"column":17}},"loc":{"start":{"line":33,"column":17},"end":{"line":38,"column":null}}}},"branchMap":{"0":{"loc":{"start":{"line":7,"column":0},"end":{"line":16,"column":null}},"type":"if","locations":[{"start":{"line":7,"column":0},"end":{"line":16,"column":null}},{"start":{"line":10,"column":0},"end":{"line":16,"column":null}}]},"1":{"loc":{"start":{"line":10,"column":0},"end":{"line":16,"column":null}},"type":"if","locations":[{"start":{"line":10,"column":0},"end":{"line":16,"column":null}},{"start":{"line":13,"column":0},"end":{"line":16,"column":null}}]},"2":{"loc":{"start":{"line":13,"column":0},"end":{"line":16,"column":null}},"type":"if","locations":[{"start":{"line":13,"column":0},"end":{"line":16,"column":null}},{"start":{"line":13,"column":0},"end":{"line":16,"column":null}}]}},"s":{"0":0,"1":0,"2":0,"3":0,"4":0,"5":0,"6":0,"7":0,"8":0,"9":0,"10":0,"11":0,"12":0,"13":0,"14":0,"15":0},"f":{"0":0,"1":0,"2":0,"3":0},"b":{"0":[0,0],"1":[0,0],"2":[0,0]}}
,"/Users/saikathalder/Documents/personal/plan-it-pocker-lb/src/pages/createRoomPage.tsx": {"path":"/Users/saikathalder/Documents/personal/plan-it-pocker-lb/src/pages/createRoomPage.tsx","statementMap":{"0":{"start":{"line":7,"column":2},"end":{"line":46,"column":null}}},"fnMap":{"0":{"name":"CreateRoomPage","decl":{"start":{"line":6,"column":9},"end":{"line":6,"column":26}},"loc":{"start":{"line":6,"column":26},"end":{"line":48,"column":null}}}},"branchMap":{},"s":{"0":0},"f":{"0":0},"b":{}}
,"/Users/saikathalder/Documents/personal/plan-it-pocker-lb/src/pages/joinRoomPage.tsx": {"path":"/Users/saikathalder/Documents/personal/plan-it-pocker-lb/src/pages/joinRoomPage.tsx","statementMap":{"0":{"start":{"line":7,"column":2},"end":{"line":46,"column":null}}},"fnMap":{"0":{"name":"JoinRoomPage","decl":{"start":{"line":6,"column":9},"end":{"line":6,"column":24}},"loc":{"start":{"line":6,"column":24},"end":{"line":48,"column":null}}}},"branchMap":{},"s":{"0":0},"f":{"0":0},"b":{}}
,"/Users/saikathalder/Documents/personal/plan-it-pocker-lb/src/pages/room.tsx": {"path":"/Users/saikathalder/Documents/personal/plan-it-pocker-lb/src/pages/room.tsx","statementMap":{"0":{"start":{"line":32,"column":13},"end":{"line":138,"column":null}},"1":{"start":{"line":33,"column":19},"end":{"line":33,"column":null}},"2":{"start":{"line":34,"column":21},"end":{"line":34,"column":null}},"3":{"start":{"line":35,"column":21},"end":{"line":35,"column":null}},"4":{"start":{"line":36,"column":28},"end":{"line":36,"column":null}},"5":{"start":{"line":37,"column":32},"end":{"line":37,"column":null}},"6":{"start":{"line":38,"column":32},"end":{"line":38,"column":null}},"7":{"start":{"line":39,"column":36},"end":{"line":41,"column":null}},"8":{"start":{"line":42,"column":31},"end":{"line":42,"column":null}},"9":{"start":{"line":43,"column":36},"end":{"line":43,"column":null}},"10":{"start":{"line":45,"column":18},"end":{"line":53,"column":null}},"11":{"start":{"line":46,"column":4},"end":{"line":46,"column":null}},"12":{"start":{"line":47,"column":4},"end":{"line":50,"column":null}},"13":{"start":{"line":51,"column":4},"end":{"line":51,"column":null}},"14":{"start":{"line":52,"column":4},"end":{"line":52,"column":null}},"15":{"start":{"line":55,"column":2},"end":{"line":59,"column":null}},"16":{"start":{"line":56,"column":4},"end":{"line":58,"column":null}},"17":{"start":{"line":57,"column":6},"end":{"line":57,"column":null}},"18":{"start":{"line":61,"column":2},"end":{"line":68,"column":null}},"19":{"start":{"line":62,"column":4},"end":{"line":67,"column":null}},"20":{"start":{"line":63,"column":6},"end":{"line":66,"column":null}},"21":{"start":{"line":63,"column":30},"end":{"line":63,"column":null}},"22":{"start":{"line":63,"column":30},"end":{"line":66,"column":null}},"23":{"start":{"line":65,"column":8},"end":{"line":65,"column":null}},"24":{"start":{"line":70,"column":2},"end":{"line":72,"column":null}},"25":{"start":{"line":71,"column":4},"end":{"line":71,"column":null}},"26":{"start":{"line":71,"column":42},"end":{"line":71,"column":null}},"27":{"start":{"line":74,"column":2},"end":{"line":79,"column":null}},"28":{"start":{"line":75,"column":4},"end":{"line":75,"column":null}},"29":{"start":{"line":76,"column":4},"end":{"line":78,"column":null}},"30":{"start":{"line":77,"column":6},"end":{"line":77,"column":null}},"31":{"start":{"line":81,"column":2},"end":{"line":91,"column":null}},"32":{"start":{"line":82,"column":4},"end":{"line":86,"column":null}},"33":{"start":{"line":83,"column":35},"end":{"line":83,"column":null}},"34":{"start":{"line":84,"column":6},"end":{"line":84,"column":null}},"35":{"start":{"line":85,"column":6},"end":{"line":85,"column":null}},"36":{"start":{"line":88,"column":4},"end":{"line":90,"column":null}},"37":{"start":{"line":89,"column":6},"end":{"line":89,"column":null}},"38":{"start":{"line":93,"column":2},"end":{"line":101,"column":null}},"39":{"start":{"line":94,"column":4},"end":{"line":96,"column":null}},"40":{"start":{"line":95,"column":6},"end":{"line":95,"column":null}},"41":{"start":{"line":98,"column":4},"end":{"line":100,"column":null}},"42":{"start":{"line":99,"column":6},"end":{"line":99,"column":null}},"43":{"start":{"line":103,"column":2},"end":{"line":113,"column":null}},"44":{"start":{"line":104,"column":4},"end":{"line":104,"column":null}},"45":{"start":{"line":104,"column":20},"end":{"line":104,"column":null}},"46":{"start":{"line":105,"column":68},"end":{"line":108,"column":null}},"47":{"start":{"line":109,"column":4},"end":{"line":112,"column":null}},"48":{"start":{"line":115,"column":2},"end":{"line":115,"column":null}},"49":{"start":{"line":115,"column":25},"end":{"line":115,"column":null}},"50":{"start":{"line":117,"column":2},"end":{"line":136,"column":null}}},"fnMap":{"0":{"name":"(anonymous_0)","decl":{"start":{"line":32,"column":13},"end":{"line":32,"column":19}},"loc":{"start":{"line":32,"column":19},"end":{"line":138,"column":null}}},"1":{"name":"(anonymous_1)","decl":{"start":{"line":45,"column":18},"end":{"line":45,"column":24}},"loc":{"start":{"line":45,"column":24},"end":{"line":53,"column":null}}},"2":{"name":"(anonymous_2)","decl":{"start":{"line":55,"column":12},"end":{"line":55,"column":18}},"loc":{"start":{"line":55,"column":18},"end":{"line":59,"column":5}}},"3":{"name":"(anonymous_3)","decl":{"start":{"line":56,"column":11},"end":{"line":56,"column":17}},"loc":{"start":{"line":56,"column":17},"end":{"line":58,"column":null}}},"4":{"name":"(anonymous_4)","decl":{"start":{"line":61,"column":12},"end":{"line":61,"column":18}},"loc":{"start":{"line":61,"column":18},"end":{"line":68,"column":5}}},"5":{"name":"(anonymous_5)","decl":{"start":{"line":62,"column":11},"end":{"line":62,"column":17}},"loc":{"start":{"line":62,"column":17},"end":{"line":67,"column":null}}},"6":{"name":"(anonymous_6)","decl":{"start":{"line":70,"column":12},"end":{"line":70,"column":18}},"loc":{"start":{"line":70,"column":18},"end":{"line":72,"column":5}}},"7":{"name":"(anonymous_7)","decl":{"start":{"line":74,"column":12},"end":{"line":74,"column":18}},"loc":{"start":{"line":74,"column":18},"end":{"line":79,"column":5}}},"8":{"name":"(anonymous_8)","decl":{"start":{"line":76,"column":11},"end":{"line":76,"column":17}},"loc":{"start":{"line":76,"column":17},"end":{"line":78,"column":null}}},"9":{"name":"(anonymous_9)","decl":{"start":{"line":81,"column":12},"end":{"line":81,"column":18}},"loc":{"start":{"line":81,"column":18},"end":{"line":91,"column":5}}},"10":{"name":"(anonymous_10)","decl":{"start":{"line":82,"column":28},"end":{"line":82,"column":29}},"loc":{"start":{"line":82,"column":52},"end":{"line":86,"column":5}}},"11":{"name":"(anonymous_11)","decl":{"start":{"line":88,"column":11},"end":{"line":88,"column":17}},"loc":{"start":{"line":88,"column":17},"end":{"line":90,"column":null}}},"12":{"name":"(anonymous_12)","decl":{"start":{"line":93,"column":12},"end":{"line":93,"column":18}},"loc":{"start":{"line":93,"column":18},"end":{"line":101,"column":5}}},"13":{"name":"(anonymous_13)","decl":{"start":{"line":94,"column":25},"end":{"line":94,"column":26}},"loc":{"start":{"line":94,"column":38},"end":{"line":96,"column":5}}},"14":{"name":"(anonymous_14)","decl":{"start":{"line":98,"column":11},"end":{"line":98,"column":17}},"loc":{"start":{"line":98,"column":17},"end":{"line":100,"column":null}}},"15":{"name":"(anonymous_15)","decl":{"start":{"line":103,"column":12},"end":{"line":103,"column":18}},"loc":{"start":{"line":103,"column":18},"end":{"line":113,"column":5}}}},"branchMap":{"0":{"loc":{"start":{"line":63,"column":6},"end":{"line":66,"column":null}},"type":"if","locations":[{"start":{"line":63,"column":6},"end":{"line":66,"column":null}},{"start":{"line":63,"column":30},"end":{"line":66,"column":null}}]},"1":{"loc":{"start":{"line":63,"column":10},"end":{"line":63,"column":30}},"type":"binary-expr","locations":[{"start":{"line":63,"column":10},"end":{"line":63,"column":21}},{"start":{"line":63,"column":21},"end":{"line":63,"column":30}}]},"2":{"loc":{"start":{"line":63,"column":30},"end":{"line":66,"column":null}},"type":"if","locations":[{"start":{"line":63,"column":30},"end":{"line":66,"column":null}},{"start":{"line":63,"column":30},"end":{"line":66,"column":null}}]},"3":{"loc":{"start":{"line":64,"column":15},"end":{"line":64,"column":36}},"type":"binary-expr","locations":[{"start":{"line":64,"column":15},"end":{"line":64,"column":24}},{"start":{"line":64,"column":24},"end":{"line":64,"column":36}}]},"4":{"loc":{"start":{"line":71,"column":4},"end":{"line":71,"column":null}},"type":"if","locations":[{"start":{"line":71,"column":4},"end":{"line":71,"column":null}},{"start":{"line":71,"column":4},"end":{"line":71,"column":null}}]},"5":{"loc":{"start":{"line":71,"column":8},"end":{"line":71,"column":42}},"type":"binary-expr","locations":[{"start":{"line":71,"column":8},"end":{"line":71,"column":19}},{"start":{"line":71,"column":19},"end":{"line":71,"column":33}},{"start":{"line":71,"column":33},"end":{"line":71,"column":42}}]},"6":{"loc":{"start":{"line":104,"column":4},"end":{"line":104,"column":null}},"type":"if","locations":[{"start":{"line":104,"column":4},"end":{"line":104,"column":null}},{"start":{"line":104,"column":4},"end":{"line":104,"column":null}}]},"7":{"loc":{"start":{"line":115,"column":2},"end":{"line":115,"column":null}},"type":"if","locations":[{"start":{"line":115,"column":2},"end":{"line":115,"column":null}},{"start":{"line":115,"column":2},"end":{"line":115,"column":null}}]},"8":{"loc":{"start":{"line":115,"column":6},"end":{"line":115,"column":25}},"type":"binary-expr","locations":[{"start":{"line":115,"column":6},"end":{"line":115,"column":13}},{"start":{"line":115,"column":13},"end":{"line":115,"column":25}}]}},"s":{"0":0,"1":0,"2":0,"3":0,"4":0,"5":0,"6":0,"7":0,"8":0,"9":0,"10":0,"11":0,"12":0,"13":0,"14":0,"15":0,"16":0,"17":0,"18":0,"19":0,"20":0,"21":0,"22":0,"23":0,"24":0,"25":0,"26":0,"27":0,"28":0,"29":0,"30":0,"31":0,"32":0,"33":0,"34":0,"35":0,"36":0,"37":0,"38":0,"39":0,"40":0,"41":0,"42":0,"43":0,"44":0,"45":0,"46":0,"47":0,"48":0,"49":0,"50":0},"f":{"0":0,"1":0,"2":0,"3":0,"4":0,"5":0,"6":0,"7":0,"8":0,"9":0,"10":0,"11":0,"12":0,"13":0,"14":0,"15":0},"b":{"0":[0,0],"1":[0,0],"2":[0,0],"3":[0,0],"4":[0,0],"5":[0,0,0],"6":[0,0],"7":[0,0],"8":[0,0]}}
}
